ERROR - 2021-10-13 21:39:15 --> Unknown column 'pr_rol' in 'field list'
CRITICAL - 2021-10-13 21:39:16 --> Call to a member function getResult() on bool
#0 C:\xampp\htdocs\crudUsuarios\app\Controllers\UsuariosController.php(11): App\Models\UsuariosModel->listarRoles()
#1 C:\xampp\htdocs\crudUsuarios\system\CodeIgniter.php(802): App\Controllers\UsuariosController->formUsuario()
#2 C:\xampp\htdocs\crudUsuarios\system\CodeIgniter.php(399): CodeIgniter\CodeIgniter->runController(Object(App\Controllers\UsuariosController))
#3 C:\xampp\htdocs\crudUsuarios\system\CodeIgniter.php(317): CodeIgniter\CodeIgniter->handleRequest(NULL, Object(Config\Cache), false)
#4 C:\xampp\htdocs\crudUsuarios\index.php(37): CodeIgniter\CodeIgniter->run()
#5 {main}
ERROR - 2021-10-13 21:39:21 --> Unknown column 'pr_rol' in 'field list'
CRITICAL - 2021-10-13 21:39:21 --> Call to a member function getResult() on bool
#0 C:\xampp\htdocs\crudUsuarios\app\Controllers\UsuariosController.php(11): App\Models\UsuariosModel->listarRoles()
#1 C:\xampp\htdocs\crudUsuarios\system\CodeIgniter.php(802): App\Controllers\UsuariosController->formUsuario()
#2 C:\xampp\htdocs\crudUsuarios\system\CodeIgniter.php(399): CodeIgniter\CodeIgniter->runController(Object(App\Controllers\UsuariosController))
#3 C:\xampp\htdocs\crudUsuarios\system\CodeIgniter.php(317): CodeIgniter\CodeIgniter->handleRequest(NULL, Object(Config\Cache), false)
#4 C:\xampp\htdocs\crudUsuarios\index.php(37): CodeIgniter\CodeIgniter->run()
#5 {main}
ERROR - 2021-10-13 21:39:24 --> Unknown column 'pr_rol' in 'field list'
CRITICAL - 2021-10-13 21:39:25 --> Call to a member function getResult() on bool
#0 C:\xampp\htdocs\crudUsuarios\app\Controllers\UsuariosController.php(11): App\Models\UsuariosModel->listarRoles()
#1 C:\xampp\htdocs\crudUsuarios\system\CodeIgniter.php(802): App\Controllers\UsuariosController->formUsuario()
#2 C:\xampp\htdocs\crudUsuarios\system\CodeIgniter.php(399): CodeIgniter\CodeIgniter->runController(Object(App\Controllers\UsuariosController))
#3 C:\xampp\htdocs\crudUsuarios\system\CodeIgniter.php(317): CodeIgniter\CodeIgniter->handleRequest(NULL, Object(Config\Cache), false)
#4 C:\xampp\htdocs\crudUsuarios\index.php(37): CodeIgniter\CodeIgniter->run()
#5 {main}
ERROR - 2021-10-13 21:39:47 --> Unknown column 'pr_rol' in 'field list'
CRITICAL - 2021-10-13 21:39:47 --> Call to a member function getResult() on bool
#0 C:\xampp\htdocs\crudUsuarios\app\Controllers\UsuariosController.php(11): App\Models\UsuariosModel->listarRoles()
#1 C:\xampp\htdocs\crudUsuarios\system\CodeIgniter.php(802): App\Controllers\UsuariosController->formUsuario()
#2 C:\xampp\htdocs\crudUsuarios\system\CodeIgniter.php(399): CodeIgniter\CodeIgniter->runController(Object(App\Controllers\UsuariosController))
#3 C:\xampp\htdocs\crudUsuarios\system\CodeIgniter.php(317): CodeIgniter\CodeIgniter->handleRequest(NULL, Object(Config\Cache), false)
#4 C:\xampp\htdocs\crudUsuarios\index.php(37): CodeIgniter\CodeIgniter->run()
#5 {main}
ERROR - 2021-10-13 21:39:50 --> Unknown column 'pr_rol' in 'field list'
CRITICAL - 2021-10-13 21:39:50 --> Call to a member function getResult() on bool
#0 C:\xampp\htdocs\crudUsuarios\app\Controllers\UsuariosController.php(11): App\Models\UsuariosModel->listarRoles()
#1 C:\xampp\htdocs\crudUsuarios\system\CodeIgniter.php(802): App\Controllers\UsuariosController->formUsuario()
#2 C:\xampp\htdocs\crudUsuarios\system\CodeIgniter.php(399): CodeIgniter\CodeIgniter->runController(Object(App\Controllers\UsuariosController))
#3 C:\xampp\htdocs\crudUsuarios\system\CodeIgniter.php(317): CodeIgniter\CodeIgniter->handleRequest(NULL, Object(Config\Cache), false)
#4 C:\xampp\htdocs\crudUsuarios\index.php(37): CodeIgniter\CodeIgniter->run()
#5 {main}
CRITICAL - 2021-10-13 21:40:15 --> Invalid argument supplied for foreach()
#0 C:\xampp\htdocs\crudUsuarios\app\Views\formUsuario.php(66): CodeIgniter\Debug\Exceptions->errorHandler(2, 'Invalid argumen...', 'C:\\xampp\\htdocs...', 66, Array)
#1 C:\xampp\htdocs\crudUsuarios\system\View\View.php(214): include('C:\\xampp\\htdocs...')
#2 C:\xampp\htdocs\crudUsuarios\system\View\View.php(217): CodeIgniter\View\View->CodeIgniter\View\{closure}()
#3 C:\xampp\htdocs\crudUsuarios\system\Common.php(1092): CodeIgniter\View\View->render('formUsuario', Array, true)
#4 C:\xampp\htdocs\crudUsuarios\app\Controllers\UsuariosController.php(20): view('formUsuario', Array)
#5 C:\xampp\htdocs\crudUsuarios\system\CodeIgniter.php(802): App\Controllers\UsuariosController->formUsuario()
#6 C:\xampp\htdocs\crudUsuarios\system\CodeIgniter.php(399): CodeIgniter\CodeIgniter->runController(Object(App\Controllers\UsuariosController))
#7 C:\xampp\htdocs\crudUsuarios\system\CodeIgniter.php(317): CodeIgniter\CodeIgniter->handleRequest(NULL, Object(Config\Cache), false)
#8 C:\xampp\htdocs\crudUsuarios\index.php(37): CodeIgniter\CodeIgniter->run()
#9 {main}
ERROR - 2021-10-13 21:41:13 --> Unknown column 'pr_rol' in 'field list'
CRITICAL - 2021-10-13 21:41:14 --> Call to a member function getResult() on bool
#0 C:\xampp\htdocs\crudUsuarios\app\Controllers\UsuariosController.php(11): App\Models\UsuariosModel->listarRoles()
#1 C:\xampp\htdocs\crudUsuarios\system\CodeIgniter.php(802): App\Controllers\UsuariosController->formUsuario()
#2 C:\xampp\htdocs\crudUsuarios\system\CodeIgniter.php(399): CodeIgniter\CodeIgniter->runController(Object(App\Controllers\UsuariosController))
#3 C:\xampp\htdocs\crudUsuarios\system\CodeIgniter.php(317): CodeIgniter\CodeIgniter->handleRequest(NULL, Object(Config\Cache), false)
#4 C:\xampp\htdocs\crudUsuarios\index.php(37): CodeIgniter\CodeIgniter->run()
#5 {main}
ERROR - 2021-10-13 21:41:16 --> Unknown column 'pr_rol' in 'field list'
CRITICAL - 2021-10-13 21:41:17 --> Call to a member function getResult() on bool
#0 C:\xampp\htdocs\crudUsuarios\app\Controllers\UsuariosController.php(11): App\Models\UsuariosModel->listarRoles()
#1 C:\xampp\htdocs\crudUsuarios\system\CodeIgniter.php(802): App\Controllers\UsuariosController->formUsuario()
#2 C:\xampp\htdocs\crudUsuarios\system\CodeIgniter.php(399): CodeIgniter\CodeIgniter->runController(Object(App\Controllers\UsuariosController))
#3 C:\xampp\htdocs\crudUsuarios\system\CodeIgniter.php(317): CodeIgniter\CodeIgniter->handleRequest(NULL, Object(Config\Cache), false)
#4 C:\xampp\htdocs\crudUsuarios\index.php(37): CodeIgniter\CodeIgniter->run()
#5 {main}
ERROR - 2021-10-13 22:02:19 --> You have an error in your SQL syntax; check the manual that corresponds to your MariaDB server version for the right syntax to use near '@gmail.com,(SELECT r_id FROM rol WHERE r_rol = SuperAdmin ),2021-10-13 22:02:...' at line 3
CRITICAL - 2021-10-13 22:02:19 --> Call to a member function getResultArray() on bool
#0 C:\xampp\htdocs\crudUsuarios\app\Controllers\UsuariosController.php(50): App\Models\UsuariosModel->crearUsuario('Yohan', 'Gil', 'gilsebastian505...', 'SuperAdmin', 1, '2021-10-13 22:0...')
#1 C:\xampp\htdocs\crudUsuarios\system\CodeIgniter.php(802): App\Controllers\UsuariosController->crearUsuario()
#2 C:\xampp\htdocs\crudUsuarios\system\CodeIgniter.php(399): CodeIgniter\CodeIgniter->runController(Object(App\Controllers\UsuariosController))
#3 C:\xampp\htdocs\crudUsuarios\system\CodeIgniter.php(317): CodeIgniter\CodeIgniter->handleRequest(NULL, Object(Config\Cache), false)
#4 C:\xampp\htdocs\crudUsuarios\index.php(37): CodeIgniter\CodeIgniter->run()
#5 {main}
ERROR - 2021-10-13 22:03:02 --> You have an error in your SQL syntax; check the manual that corresponds to your MariaDB server version for the right syntax to use near '@gmail.com,(SELECT r_id FROM rol WHERE r_rol = SuperAdmin ),2021-10-13 22:03:...' at line 3
CRITICAL - 2021-10-13 22:03:02 --> Call to a member function getResultArray() on bool
#0 C:\xampp\htdocs\crudUsuarios\app\Controllers\UsuariosController.php(33): App\Models\UsuariosModel->crearUsuario('Yohan', 'Gil', 'gilsebastian505...', 'SuperAdmin', 1, '2021-10-13 22:0...')
#1 C:\xampp\htdocs\crudUsuarios\system\CodeIgniter.php(802): App\Controllers\UsuariosController->crearUsuario()
#2 C:\xampp\htdocs\crudUsuarios\system\CodeIgniter.php(399): CodeIgniter\CodeIgniter->runController(Object(App\Controllers\UsuariosController))
#3 C:\xampp\htdocs\crudUsuarios\system\CodeIgniter.php(317): CodeIgniter\CodeIgniter->handleRequest(NULL, Object(Config\Cache), false)
#4 C:\xampp\htdocs\crudUsuarios\index.php(37): CodeIgniter\CodeIgniter->run()
#5 {main}
ERROR - 2021-10-13 22:05:31 --> You have an error in your SQL syntax; check the manual that corresponds to your MariaDB server version for the right syntax to use near '@gmail.com,(SELECT r_id FROM rol WHERE r_rol = SuperAdmin ),2021-10-13 22:05:...' at line 3
CRITICAL - 2021-10-13 22:05:31 --> Call to a member function getResultArray() on bool
#0 C:\xampp\htdocs\crudUsuarios\app\Controllers\UsuariosController.php(33): App\Models\UsuariosModel->crearUsuario('Yohan', 'Gil', 'gilsebastian505...', 'SuperAdmin', 1, '2021-10-13 22:0...')
#1 C:\xampp\htdocs\crudUsuarios\system\CodeIgniter.php(802): App\Controllers\UsuariosController->crearUsuario()
#2 C:\xampp\htdocs\crudUsuarios\system\CodeIgniter.php(399): CodeIgniter\CodeIgniter->runController(Object(App\Controllers\UsuariosController))
#3 C:\xampp\htdocs\crudUsuarios\system\CodeIgniter.php(317): CodeIgniter\CodeIgniter->handleRequest(NULL, Object(Config\Cache), false)
#4 C:\xampp\htdocs\crudUsuarios\index.php(37): CodeIgniter\CodeIgniter->run()
#5 {main}
ERROR - 2021-10-13 22:05:44 --> You have an error in your SQL syntax; check the manual that corresponds to your MariaDB server version for the right syntax to use near '@gmail.com,(SELECT r_id FROM rol WHERE r_rol = Admin ),2021-10-13 22:05:44,1)' at line 3
CRITICAL - 2021-10-13 22:05:45 --> Call to a member function getResultArray() on bool
#0 C:\xampp\htdocs\crudUsuarios\app\Controllers\UsuariosController.php(33): App\Models\UsuariosModel->crearUsuario('Yohan', 'Gil', 'gilsebastian505...', 'Admin', 1, '2021-10-13 22:0...')
#1 C:\xampp\htdocs\crudUsuarios\system\CodeIgniter.php(802): App\Controllers\UsuariosController->crearUsuario()
#2 C:\xampp\htdocs\crudUsuarios\system\CodeIgniter.php(399): CodeIgniter\CodeIgniter->runController(Object(App\Controllers\UsuariosController))
#3 C:\xampp\htdocs\crudUsuarios\system\CodeIgniter.php(317): CodeIgniter\CodeIgniter->handleRequest(NULL, Object(Config\Cache), false)
#4 C:\xampp\htdocs\crudUsuarios\index.php(37): CodeIgniter\CodeIgniter->run()
#5 {main}
ERROR - 2021-10-13 22:07:25 --> You have an error in your SQL syntax; check the manual that corresponds to your MariaDB server version for the right syntax to use near '@gmail.com,(SELECT r_id FROM rol WHERE r_rol = Admin ),2021-10-13 22:07:25,1)' at line 3
CRITICAL - 2021-10-13 22:07:26 --> Call to a member function getResultArray() on bool
#0 C:\xampp\htdocs\crudUsuarios\app\Controllers\UsuariosController.php(32): App\Models\UsuariosModel->crearUsuario('Yohan', 'Gil', 'gilsebastian505...', 'Admin', 1, '2021-10-13 22:0...')
#1 C:\xampp\htdocs\crudUsuarios\system\CodeIgniter.php(802): App\Controllers\UsuariosController->crearUsuario()
#2 C:\xampp\htdocs\crudUsuarios\system\CodeIgniter.php(399): CodeIgniter\CodeIgniter->runController(Object(App\Controllers\UsuariosController))
#3 C:\xampp\htdocs\crudUsuarios\system\CodeIgniter.php(317): CodeIgniter\CodeIgniter->handleRequest(NULL, Object(Config\Cache), false)
#4 C:\xampp\htdocs\crudUsuarios\index.php(37): CodeIgniter\CodeIgniter->run()
#5 {main}
ERROR - 2021-10-13 22:09:02 --> You have an error in your SQL syntax; check the manual that corresponds to your MariaDB server version for the right syntax to use near '@gmail.com,(SELECT r_id FROM rol WHERE r_rol = Admin ),2021-10-13 22:09:02,1)' at line 3
ERROR - 2021-10-13 22:11:03 --> You have an error in your SQL syntax; check the manual that corresponds to your MariaDB server version for the right syntax to use near '@gmail.com,(SELECT r_id FROM rol WHERE r_rol = Admin ),2021-10-13 22:11:03)' at line 3
ERROR - 2021-10-13 22:16:08 --> You have an error in your SQL syntax; check the manual that corresponds to your MariaDB server version for the right syntax to use near '@gmail.com,(SELECT r_id FROM rol WHERE r_rol = 'SuperAdmin' ),2021-10-13 22:1...' at line 2
CRITICAL - 2021-10-13 23:04:29 --> Call to a member function getResult() on bool
#0 C:\xampp\htdocs\crudUsuarios\app\Controllers\UsuariosController.php(48): App\Models\UsuariosModel->eliminarUsuario('2')
#1 C:\xampp\htdocs\crudUsuarios\system\CodeIgniter.php(802): App\Controllers\UsuariosController->eliminarUsuario()
#2 C:\xampp\htdocs\crudUsuarios\system\CodeIgniter.php(399): CodeIgniter\CodeIgniter->runController(Object(App\Controllers\UsuariosController))
#3 C:\xampp\htdocs\crudUsuarios\system\CodeIgniter.php(317): CodeIgniter\CodeIgniter->handleRequest(NULL, Object(Config\Cache), false)
#4 C:\xampp\htdocs\crudUsuarios\index.php(37): CodeIgniter\CodeIgniter->run()
#5 {main}
CRITICAL - 2021-10-13 23:05:21 --> Call to a member function getResult() on bool
#0 C:\xampp\htdocs\crudUsuarios\app\Controllers\UsuariosController.php(48): App\Models\UsuariosModel->eliminarUsuario('2')
#1 C:\xampp\htdocs\crudUsuarios\system\CodeIgniter.php(802): App\Controllers\UsuariosController->eliminarUsuario()
#2 C:\xampp\htdocs\crudUsuarios\system\CodeIgniter.php(399): CodeIgniter\CodeIgniter->runController(Object(App\Controllers\UsuariosController))
#3 C:\xampp\htdocs\crudUsuarios\system\CodeIgniter.php(317): CodeIgniter\CodeIgniter->handleRequest(NULL, Object(Config\Cache), false)
#4 C:\xampp\htdocs\crudUsuarios\index.php(37): CodeIgniter\CodeIgniter->run()
#5 {main}
ERROR - 2021-10-13 23:21:33 --> Unknown column 'u_delete_at' in 'field list'
ERROR - 2021-10-13 23:23:18 --> You have an error in your SQL syntax; check the manual that corresponds to your MariaDB server version for the right syntax to use near 'WHERE u_id = 3' at line 1
ERROR - 2021-10-13 23:24:00 --> You have an error in your SQL syntax; check the manual that corresponds to your MariaDB server version for the right syntax to use near 'WHERE u_id = 3' at line 1
ERROR - 2021-10-13 23:24:32 --> You have an error in your SQL syntax; check the manual that corresponds to your MariaDB server version for the right syntax to use near 'WHERE u_id = 3' at line 1
ERROR - 2021-10-13 23:25:48 --> Cannot add or update a child row: a foreign key constraint fails (`metodologias`.`usuarios`, CONSTRAINT `usuarios_ibfk_1` FOREIGN KEY (`u_rol`) REFERENCES `rol` (`r_id`))
ERROR - 2021-10-13 23:27:17 --> Cannot add or update a child row: a foreign key constraint fails (`metodologias`.`usuarios`, CONSTRAINT `usuarios_ibfk_1` FOREIGN KEY (`u_rol`) REFERENCES `rol` (`r_id`))
ERROR - 2021-10-13 23:28:06 --> Cannot add or update a child row: a foreign key constraint fails (`metodologias`.`usuarios`, CONSTRAINT `usuarios_ibfk_1` FOREIGN KEY (`u_rol`) REFERENCES `rol` (`r_id`))
ERROR - 2021-10-13 23:28:35 --> Cannot add or update a child row: a foreign key constraint fails (`metodologias`.`usuarios`, CONSTRAINT `usuarios_ibfk_1` FOREIGN KEY (`u_rol`) REFERENCES `rol` (`r_id`))
ERROR - 2021-10-13 23:31:13 --> You have an error in your SQL syntax; check the manual that corresponds to your MariaDB server version for the right syntax to use near '' at line 1
CRITICAL - 2021-10-13 23:34:34 --> Call to a member function getResult() on bool
#0 C:\xampp\htdocs\crudUsuarios\app\Controllers\UsuariosController.php(46): App\Models\UsuariosModel->eliminarUsuario('4')
#1 C:\xampp\htdocs\crudUsuarios\system\CodeIgniter.php(802): App\Controllers\UsuariosController->eliminarUsuario()
#2 C:\xampp\htdocs\crudUsuarios\system\CodeIgniter.php(399): CodeIgniter\CodeIgniter->runController(Object(App\Controllers\UsuariosController))
#3 C:\xampp\htdocs\crudUsuarios\system\CodeIgniter.php(317): CodeIgniter\CodeIgniter->handleRequest(NULL, Object(Config\Cache), false)
#4 C:\xampp\htdocs\crudUsuarios\index.php(37): CodeIgniter\CodeIgniter->run()
#5 {main}
